<?xml version="1.0" encoding="UTF-8"?>
<testng-results ignored="0" total="1" passed="1" failed="0" skipped="0">
  <reporter-output>
  </reporter-output>
  <suite started-at="2020-12-13T13:45:45 IST" name="Default suite" finished-at="2020-12-13T13:45:52 IST" duration-ms="7689">
    <groups>
    </groups>
    <test started-at="2020-12-13T13:45:45 IST" name="Default test" finished-at="2020-12-13T13:45:52 IST" duration-ms="7689">
      <class name="Section25ExtentReports.A173_ExtentReports">
        <test-method is-config="true" signature="config()[pri:0, instance:Section25ExtentReports.A173_ExtentReports@5fa07e12]" started-at="2020-12-13T13:45:45 IST" name="config" finished-at="2020-12-13T13:45:45 IST" duration-ms="251" status="PASS">
          <reporter-output>
          </reporter-output>
        </test-method> <!-- config -->
        <test-method signature="browserTest()[pri:0, instance:Section25ExtentReports.A173_ExtentReports@5fa07e12]" started-at="2020-12-13T13:45:45 IST" name="browserTest" finished-at="2020-12-13T13:45:52 IST" duration-ms="7390" status="PASS">
          <reporter-output>
          </reporter-output>
        </test-method> <!-- browserTest -->
      </class> <!-- Section25ExtentReports.A173_ExtentReports -->
    </test> <!-- Default test -->
  </suite> <!-- Default suite -->
</testng-results>
