<?xml version="1.0" encoding="UTF-8"?>
<testng-results ignored="0" total="1" passed="1" failed="0" skipped="0">
  <reporter-output>
  </reporter-output>
  <suite started-at="2020-12-14T18:26:08 IST" name="Default suite" finished-at="2020-12-14T18:26:28 IST" duration-ms="20797">
    <groups>
    </groups>
    <test started-at="2020-12-14T18:26:08 IST" name="Default test" finished-at="2020-12-14T18:26:28 IST" duration-ms="20797">
      <class name="testcases.A198_LoginTestCaseFactory">
        <test-method signature="loginCase()[pri:0, instance:testcases.A198_LoginTestCaseFactory@740773a3]" started-at="2020-12-14T18:26:08 IST" name="loginCase" finished-at="2020-12-14T18:26:28 IST" duration-ms="20745" status="PASS">
          <reporter-output>
          </reporter-output>
        </test-method> <!-- loginCase -->
      </class> <!-- testcases.A198_LoginTestCaseFactory -->
    </test> <!-- Default test -->
  </suite> <!-- Default suite -->
</testng-results>
