<?xml version="1.0" encoding="UTF-8"?>
<!-- Generated by org.testng.reporters.JUnitXMLReporter -->
<testsuite ignored="0" hostname="LAPTOP-ST7GOG8B" failures="0" tests="5" name="Car Loan" time="0.023" errors="0" timestamp="2020-12-09T23:06:35 IST">
  <testcase classname="Base.A145_CarLoan" name="APILoginCarLoan" time="0.001"/>
  <testcase classname="Base.A145_CarLoan" name="mobileLoginCarLoan" time="0.002"/>
  <testcase classname="Base.A145_CarLoan" name="mobiledignoutCarLoan" time="0.002"/>
  <testcase classname="Base.A145_CarLoan" name="mobilesigninCarLoan" time="0.001"/>
  <testcase classname="Base.A145_CarLoan" name="webLoginCarLoan" time="0.001"/>
</testsuite> <!-- Car Loan -->
