<?xml version="1.0" encoding="UTF-8"?>
<!-- Generated by org.testng.reporters.JUnitXMLReporter -->
<testsuite ignored="0" hostname="LAPTOP-ST7GOG8B" failures="0" tests="3" name="Test" time="0.084" errors="0" timestamp="2020-12-09T08:49:18 IST">
  <testcase classname="Base.A143_FirstTestNG" name="bye" time="0.011"/>
  <testcase classname="Base.A143_FirstTestNG" name="demo1" time="0.004"/>
  <testcase classname="Base.A144_SecondTestNG" name="secondDay" time="0.002"/>
</testsuite> <!-- Test -->
